[debug] [2025-02-16T07:02:57.626Z] ----------------------------------------------------------------------
[debug] [2025-02-16T07:02:57.629Z] Command:       C:\Program Files\nodejs\node.exe C:\Users\safet\AppData\Roaming\npm\node_modules\firebase-tools\lib\bin\firebase.js init
[debug] [2025-02-16T07:02:57.629Z] CLI Version:   13.31.1
[debug] [2025-02-16T07:02:57.629Z] Platform:      win32
[debug] [2025-02-16T07:02:57.629Z] Node Version:  v20.9.0
[debug] [2025-02-16T07:02:57.629Z] Time:          Sun Feb 16 2025 12:32:57 GMT+0530 (India Standard Time)
[debug] [2025-02-16T07:02:57.630Z] ----------------------------------------------------------------------
[debug] 
[debug] [2025-02-16T07:02:57.635Z] > command requires scopes: ["email","openid","https://www.googleapis.com/auth/cloudplatformprojects.readonly","https://www.googleapis.com/auth/firebase","https://www.googleapis.com/auth/cloud-platform"]
[debug] [2025-02-16T07:02:57.636Z] > authorizing via signed-in user (saloninarang31@gmail.com)
[info] 
     ######## #### ########  ######## ########     ###     ######  ########
     ##        ##  ##     ## ##       ##     ##  ##   ##  ##       ##
     ######    ##  ########  ######   ########  #########  ######  ######
     ##        ##  ##    ##  ##       ##     ## ##     ##       ## ##
     ##       #### ##     ## ######## ########  ##     ##  ######  ########

You're about to initialize a Firebase project in this directory:

  C:\Springboot\CareTrackFrontend

Before we get started, keep in mind:

  * You are currently outside your home directory

[info] 
=== Project Setup
[info] 
[info] First, let's associate this project directory with a Firebase project.
[info] You can create multiple project aliases by running firebase use --add, 
[info] but for now we'll just set up a default project.
[info] 
[debug] [2025-02-16T07:09:36.132Z] Checked if tokens are valid: true, expires at: 1739692374619
[debug] [2025-02-16T07:09:36.132Z] Checked if tokens are valid: true, expires at: 1739692374619
[debug] [2025-02-16T07:09:36.135Z] >>> [apiv2][query] GET https://firebase.googleapis.com/v1beta1/projects pageSize=100
[debug] [2025-02-16T07:09:37.506Z] <<< [apiv2][status] GET https://firebase.googleapis.com/v1beta1/projects 200
[debug] [2025-02-16T07:09:37.506Z] <<< [apiv2][body] GET https://firebase.googleapis.com/v1beta1/projects [omitted]
[info] i  Using project ticketmanagementsystem-b0fbc (TicketManagementSystem) 
[info] 
=== Hosting Setup
[debug] [2025-02-16T07:09:44.440Z] Checked if tokens are valid: true, expires at: 1739692374619
[debug] [2025-02-16T07:09:44.440Z] Checked if tokens are valid: true, expires at: 1739692374619
[debug] [2025-02-16T07:09:44.440Z] >>> [apiv2][query] GET https://firebase.googleapis.com/v1beta1/projects/ticketmanagementsystem-b0fbc [none]
[debug] [2025-02-16T07:09:45.386Z] <<< [apiv2][status] GET https://firebase.googleapis.com/v1beta1/projects/ticketmanagementsystem-b0fbc 200
[debug] [2025-02-16T07:09:45.386Z] <<< [apiv2][body] GET https://firebase.googleapis.com/v1beta1/projects/ticketmanagementsystem-b0fbc {"projectId":"ticketmanagementsystem-b0fbc","projectNumber":"892517880358","displayName":"TicketManagementSystem","name":"projects/ticketmanagementsystem-b0fbc","resources":{"hostingSite":"ticketmanagementsystem-b0fbc"},"state":"ACTIVE","etag":"1_73837821-2e48-474b-add9-a2fcba371b79"}
[info] 
[info] Your public directory is the folder (relative to your project directory) that
[info] will contain Hosting assets to be uploaded with firebase deploy. If you
[info] have a build process for your assets, use your build's output directory.
[info] 
[debug] [2025-02-16T07:11:02.049Z] >>> [apiv2][query] GET https://www.gstatic.com/firebasejs/releases.json [none]
[debug] [2025-02-16T07:11:02.488Z] <<< [apiv2][status] GET https://www.gstatic.com/firebasejs/releases.json 200
[debug] [2025-02-16T07:11:02.489Z] <<< [apiv2][body] GET https://www.gstatic.com/firebasejs/releases.json {"current":{"version":"11.3.1","browserURL":"https://www.gstatic.com/firebasejs/11.3.1/firebase.js","packageURL":"https://www.gstatic.com/firebasejs/11.3.1/firebase.tgz"},"live":{"version":"11.3","browserURL":"https://www.gstatic.com/firebasejs/live/11.3/firebase.js","packageURL":"https://www.gstatic.com/firebasejs/live/11.3/firebase.tgz"},"components":{"analytics":"https://www.gstatic.com/firebasejs/11.3.1/firebase-analytics.js","app":"https://www.gstatic.com/firebasejs/11.3.1/firebase-app.js","app-check":"https://www.gstatic.com/firebasejs/11.3.1/firebase-app-check.js","auth":"https://www.gstatic.com/firebasejs/11.3.1/firebase-auth.js","auth/cordova":"https://www.gstatic.com/firebasejs/11.3.1/firebase-auth/cordova.js","auth/web-extension":"https://www.gstatic.com/firebasejs/11.3.1/firebase-auth/web-extension.js","functions":"https://www.gstatic.com/firebasejs/11.3.1/firebase-functions.js","firestore":"https://www.gstatic.com/firebasejs/11.3.1/firebase-firestore.js","firestore/lite":"https://www.gstatic.com/firebasejs/11.3.1/firebase-firestore/lite.js","installations":"https://www.gstatic.com/firebasejs/11.3.1/firebase-installations.js","storage":"https://www.gstatic.com/firebasejs/11.3.1/firebase-storage.js","performance":"https://www.gstatic.com/firebasejs/11.3.1/firebase-performance.js","remote-config":"https://www.gstatic.com/firebasejs/11.3.1/firebase-remote-config.js","messaging":"https://www.gstatic.com/firebasejs/11.3.1/firebase-messaging.js","messaging/sw":"https://www.gstatic.com/firebasejs/11.3.1/firebase-messaging/sw.js","database":"https://www.gstatic.com/firebasejs/11.3.1/firebase-database.js","vertexai":"https://www.gstatic.com/firebasejs/11.3.1/firebase-vertexai.js","data-connect":"https://www.gstatic.com/firebasejs/11.3.1/firebase-data-connect.js","firestore.memory":"https://www.gstatic.com/firebasejs/11.3.1/firebase-firestore.memory.js"}}
[info] +  Wrote build/index.html 
[info] 
[info] i  Detected a .git folder at C:\Springboot\CareTrackFrontend 
[info] i  Authorizing with GitHub to upload your service account to a GitHub repository's secrets store. 
[info] 
[info] Visit this URL on this device to log in:
[info] https://github.com/login/oauth/authorize?client_id=89cf50f02ac6aaed3484&state=1039515774&redirect_uri=http%3A%2F%2Flocalhost%3A9005&scope=read%3Auser%20repo%20public_repo
[info] 
[info] Waiting for authentication...
[debug] [2025-02-16T07:11:24.765Z] >>> [apiv2][query] POST https://github.com/login/oauth/access_token [none]
[debug] [2025-02-16T07:11:24.766Z] >>> [apiv2][body] POST https://github.com/login/oauth/access_token [stream]
[debug] [2025-02-16T07:11:25.533Z] <<< [apiv2][status] POST https://github.com/login/oauth/access_token 200
[debug] [2025-02-16T07:11:25.533Z] <<< [apiv2][body] POST https://github.com/login/oauth/access_token {"access_token":"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","token_type":"bearer","scope":"read:user,repo"}
[debug] [2025-02-16T07:11:25.549Z] >>> [apiv2][query] GET https://api.github.com/user [none]
[debug] [2025-02-16T07:11:26.148Z] <<< [apiv2][status] GET https://api.github.com/user 200
[debug] [2025-02-16T07:11:26.149Z] <<< [apiv2][body] GET https://api.github.com/user {"login":"saloninarang27","id":110085176,"node_id":"U_kgDOBo_EOA","avatar_url":"https://avatars.githubusercontent.com/u/110085176?v=4","gravatar_id":"","url":"https://api.github.com/users/saloninarang27","html_url":"https://github.com/saloninarang27","followers_url":"https://api.github.com/users/saloninarang27/followers","following_url":"https://api.github.com/users/saloninarang27/following{/other_user}","gists_url":"https://api.github.com/users/saloninarang27/gists{/gist_id}","starred_url":"https://api.github.com/users/saloninarang27/starred{/owner}{/repo}","subscriptions_url":"https://api.github.com/users/saloninarang27/subscriptions","organizations_url":"https://api.github.com/users/saloninarang27/orgs","repos_url":"https://api.github.com/users/saloninarang27/repos","events_url":"https://api.github.com/users/saloninarang27/events{/privacy}","received_events_url":"https://api.github.com/users/saloninarang27/received_events","type":"User","user_view_type":"private","site_admin":false,"name":"Saloni","company":null,"blog":"https://saloninarang.netlify.app/","location":null,"email":null,"hireable":null,"bio":"I have a strong technical background with expertise in Full-Stack Development, Machine Learning, and Mobile & Web Application Development. ","twitter_username":null,"notification_email":null,"public_repos":20,"public_gists":0,"followers":1,"following":0,"created_at":"2022-07-27T06:13:22Z","updated_at":"2025-02-10T10:20:36Z","private_gists":0,"total_private_repos":0,"owned_private_repos":0,"disk_usage":97134,"collaborators":0,"two_factor_authentication":false,"plan":{"name":"free","space":976562499,"collaborators":0,"private_repos":10000}}
[info] 
[info] +  Success! Logged into GitHub as saloninarang27 
[info] 
[debug] [2025-02-16T07:12:08.803Z] >>> [apiv2][query] GET https://api.github.com/repos/saloninarang27/CareTrackFrontend/actions/secrets/public-key type=owner
[debug] [2025-02-16T07:12:09.566Z] <<< [apiv2][status] GET https://api.github.com/repos/saloninarang27/CareTrackFrontend/actions/secrets/public-key 404
[debug] [2025-02-16T07:12:09.566Z] <<< [apiv2][body] GET https://api.github.com/repos/saloninarang27/CareTrackFrontend/actions/secrets/public-key {"message":"Not Found","documentation_url":"https://docs.github.com/rest/actions/secrets#get-a-repository-public-key","status":"404"}
[info] 
[info] 
[error] !  The provided authorization cannot be used with this repository. If this repository is in an organization, did you remember to grant access? 
[info] 
[info] i  Action required: Visit this URL to ensure access has been granted to the appropriate organization(s) for the Firebase CLI GitHub OAuth App: 
[info] https://github.com/settings/connections/applications/89cf50f02ac6aaed3484
[info] 
[debug] [2025-02-16T07:12:51.480Z] >>> [apiv2][query] GET https://api.github.com/repos/saloninarang27/CareTrackFrontend/actions/secrets/public-key type=owner
[debug] [2025-02-16T07:12:52.265Z] <<< [apiv2][status] GET https://api.github.com/repos/saloninarang27/CareTrackFrontend/actions/secrets/public-key 404
[debug] [2025-02-16T07:12:52.265Z] <<< [apiv2][body] GET https://api.github.com/repos/saloninarang27/CareTrackFrontend/actions/secrets/public-key {"message":"Not Found","documentation_url":"https://docs.github.com/rest/actions/secrets#get-a-repository-public-key","status":"404"}
[info] 
[info] 
[error] !  The provided authorization cannot be used with this repository. If this repository is in an organization, did you remember to grant access? 
[info] 
[info] i  Action required: Visit this URL to ensure access has been granted to the appropriate organization(s) for the Firebase CLI GitHub OAuth App: 
[info] https://github.com/settings/connections/applications/89cf50f02ac6aaed3484
[info] 
[debug] [2025-02-16T07:13:18.303Z] >>> [apiv2][query] GET https://api.github.com/repos/saloninarang27/CareTrackFrontend/actions/secrets/public-key type=owner
[debug] [2025-02-16T07:13:18.991Z] <<< [apiv2][status] GET https://api.github.com/repos/saloninarang27/CareTrackFrontend/actions/secrets/public-key 404
[debug] [2025-02-16T07:13:18.991Z] <<< [apiv2][body] GET https://api.github.com/repos/saloninarang27/CareTrackFrontend/actions/secrets/public-key {"message":"Not Found","documentation_url":"https://docs.github.com/rest/actions/secrets#get-a-repository-public-key","status":"404"}
[info] 
[info] 
[error] !  The provided authorization cannot be used with this repository. If this repository is in an organization, did you remember to grant access? 
[info] 
[info] i  Action required: Visit this URL to ensure access has been granted to the appropriate organization(s) for the Firebase CLI GitHub OAuth App: 
[info] https://github.com/settings/connections/applications/89cf50f02ac6aaed3484
[info] 
[debug] [2025-02-16T07:13:30.514Z] >>> [apiv2][query] GET https://api.github.com/repos/saloninarang27/CareTrackFrontend/actions/secrets/public-key type=owner
[debug] [2025-02-16T07:13:31.382Z] <<< [apiv2][status] GET https://api.github.com/repos/saloninarang27/CareTrackFrontend/actions/secrets/public-key 404
[debug] [2025-02-16T07:13:31.382Z] <<< [apiv2][body] GET https://api.github.com/repos/saloninarang27/CareTrackFrontend/actions/secrets/public-key {"message":"Not Found","documentation_url":"https://docs.github.com/rest/actions/secrets#get-a-repository-public-key","status":"404"}
[info] 
[info] 
[error] !  The provided authorization cannot be used with this repository. If this repository is in an organization, did you remember to grant access? 
[info] 
[info] i  Action required: Visit this URL to ensure access has been granted to the appropriate organization(s) for the Firebase CLI GitHub OAuth App: 
[info] https://github.com/settings/connections/applications/89cf50f02ac6aaed3484
[info] 
[debug] [2025-02-16T07:13:34.016Z] >>> [apiv2][query] GET https://api.github.com/repos/saloninarang27/CareTrackFrontend/actions/secrets/public-key type=owner
[debug] [2025-02-16T07:13:34.657Z] <<< [apiv2][status] GET https://api.github.com/repos/saloninarang27/CareTrackFrontend/actions/secrets/public-key 404
[debug] [2025-02-16T07:13:34.658Z] <<< [apiv2][body] GET https://api.github.com/repos/saloninarang27/CareTrackFrontend/actions/secrets/public-key {"message":"Not Found","documentation_url":"https://docs.github.com/rest/actions/secrets#get-a-repository-public-key","status":"404"}
[info] 
[info] 
[error] !  The provided authorization cannot be used with this repository. If this repository is in an organization, did you remember to grant access? 
[info] 
[info] i  Action required: Visit this URL to ensure access has been granted to the appropriate organization(s) for the Firebase CLI GitHub OAuth App: 
[info] https://github.com/settings/connections/applications/89cf50f02ac6aaed3484
[info] 
[debug] [2025-02-16T07:13:35.493Z] >>> [apiv2][query] GET https://api.github.com/repos/saloninarang27/CareTrackFrontend/actions/secrets/public-key type=owner
[debug] [2025-02-16T07:13:35.800Z] <<< [apiv2][status] GET https://api.github.com/repos/saloninarang27/CareTrackFrontend/actions/secrets/public-key 404
[debug] [2025-02-16T07:13:35.800Z] <<< [apiv2][body] GET https://api.github.com/repos/saloninarang27/CareTrackFrontend/actions/secrets/public-key {"message":"Not Found","documentation_url":"https://docs.github.com/rest/actions/secrets#get-a-repository-public-key","status":"404"}
[info] 
[info] 
[error] !  The provided authorization cannot be used with this repository. If this repository is in an organization, did you remember to grant access? 
[info] 
[info] i  Action required: Visit this URL to ensure access has been granted to the appropriate organization(s) for the Firebase CLI GitHub OAuth App: 
[info] https://github.com/settings/connections/applications/89cf50f02ac6aaed3484
[info] 
[debug] [2025-02-16T07:13:36.327Z] >>> [apiv2][query] GET https://api.github.com/repos/saloninarang27/CareTrackFrontend/actions/secrets/public-key type=owner
[debug] [2025-02-16T07:13:36.706Z] <<< [apiv2][status] GET https://api.github.com/repos/saloninarang27/CareTrackFrontend/actions/secrets/public-key 404
[debug] [2025-02-16T07:13:36.706Z] <<< [apiv2][body] GET https://api.github.com/repos/saloninarang27/CareTrackFrontend/actions/secrets/public-key {"message":"Not Found","documentation_url":"https://docs.github.com/rest/actions/secrets#get-a-repository-public-key","status":"404"}
[info] 
[info] 
[error] !  The provided authorization cannot be used with this repository. If this repository is in an organization, did you remember to grant access? 
[info] 
[info] i  Action required: Visit this URL to ensure access has been granted to the appropriate organization(s) for the Firebase CLI GitHub OAuth App: 
[info] https://github.com/settings/connections/applications/89cf50f02ac6aaed3484
[info] 
[debug] [2025-02-16T07:13:36.877Z] >>> [apiv2][query] GET https://api.github.com/repos/saloninarang27/CareTrackFrontend/actions/secrets/public-key type=owner
[debug] [2025-02-16T07:13:37.357Z] >>> [apiv2][query] GET https://api.github.com/repos//actions/secrets/public-key type=owner
[debug] [2025-02-16T07:13:37.422Z] <<< [apiv2][status] GET https://api.github.com/repos/saloninarang27/CareTrackFrontend/actions/secrets/public-key 404
[debug] [2025-02-16T07:13:37.422Z] <<< [apiv2][body] GET https://api.github.com/repos/saloninarang27/CareTrackFrontend/actions/secrets/public-key {"message":"Not Found","documentation_url":"https://docs.github.com/rest/actions/secrets#get-a-repository-public-key","status":"404"}
[info] 
[info] 
[error] !  The provided authorization cannot be used with this repository. If this repository is in an organization, did you remember to grant access? 
[info] 
[info] i  Action required: Visit this URL to ensure access has been granted to the appropriate organization(s) for the Firebase CLI GitHub OAuth App: 
[info] https://github.com/settings/connections/applications/89cf50f02ac6aaed3484
[info] 
[debug] [2025-02-16T07:13:37.914Z] >>> [apiv2][query] GET https://api.github.com/repos/saloninarang27/CareTrackFrontend/actions/secrets/public-key type=owner
[debug] [2025-02-16T07:13:37.933Z] <<< [apiv2][status] GET https://api.github.com/repos//actions/secrets/public-key 404
[debug] [2025-02-16T07:13:37.933Z] <<< [apiv2][body] GET https://api.github.com/repos//actions/secrets/public-key {"message":"Not Found","documentation_url":"https://docs.github.com/rest","status":"404"}
[info] 
[info] 
[error] !  The provided authorization cannot be used with this repository. If this repository is in an organization, did you remember to grant access? 
[info] 
[info] i  Action required: Visit this URL to ensure access has been granted to the appropriate organization(s) for the Firebase CLI GitHub OAuth App: 
[info] https://github.com/settings/connections/applications/89cf50f02ac6aaed3484
[info] 
[debug] [2025-02-16T07:13:38.425Z] >>> [apiv2][query] GET https://api.github.com/repos//actions/secrets/public-key type=owner
[debug] [2025-02-16T07:13:38.553Z] <<< [apiv2][status] GET https://api.github.com/repos/saloninarang27/CareTrackFrontend/actions/secrets/public-key 404
[debug] [2025-02-16T07:13:38.553Z] <<< [apiv2][body] GET https://api.github.com/repos/saloninarang27/CareTrackFrontend/actions/secrets/public-key {"message":"Not Found","documentation_url":"https://docs.github.com/rest/actions/secrets#get-a-repository-public-key","status":"404"}
[info] 
[info] 
[error] !  The provided authorization cannot be used with this repository. If this repository is in an organization, did you remember to grant access? 
[info] 
[info] i  Action required: Visit this URL to ensure access has been granted to the appropriate organization(s) for the Firebase CLI GitHub OAuth App: 
[info] https://github.com/settings/connections/applications/89cf50f02ac6aaed3484
[info] 
[debug] [2025-02-16T07:13:38.754Z] <<< [apiv2][status] GET https://api.github.com/repos//actions/secrets/public-key 404
[debug] [2025-02-16T07:13:38.755Z] <<< [apiv2][body] GET https://api.github.com/repos//actions/secrets/public-key {"message":"Not Found","documentation_url":"https://docs.github.com/rest","status":"404"}
[info] 
[info] 
[error] !  The provided authorization cannot be used with this repository. If this repository is in an organization, did you remember to grant access? 
[info] 
[info] i  Action required: Visit this URL to ensure access has been granted to the appropriate organization(s) for the Firebase CLI GitHub OAuth App: 
[info] https://github.com/settings/connections/applications/89cf50f02ac6aaed3484
[info] 
[debug] [2025-02-16T07:13:39.401Z] >>> [apiv2][query] GET https://api.github.com/repos/saloninarang27/CareTrackFrontend/actions/secrets/public-key type=owner
[debug] [2025-02-16T07:13:39.778Z] <<< [apiv2][status] GET https://api.github.com/repos/saloninarang27/CareTrackFrontend/actions/secrets/public-key 404
[debug] [2025-02-16T07:13:39.778Z] <<< [apiv2][body] GET https://api.github.com/repos/saloninarang27/CareTrackFrontend/actions/secrets/public-key {"message":"Not Found","documentation_url":"https://docs.github.com/rest/actions/secrets#get-a-repository-public-key","status":"404"}
[info] 
[info] 
[error] !  The provided authorization cannot be used with this repository. If this repository is in an organization, did you remember to grant access? 
[info] 
[info] i  Action required: Visit this URL to ensure access has been granted to the appropriate organization(s) for the Firebase CLI GitHub OAuth App: 
[info] https://github.com/settings/connections/applications/89cf50f02ac6aaed3484
[info] 
[debug] [2025-02-16T07:13:40.777Z] >>> [apiv2][query] GET https://api.github.com/repos/saloninarang27/CareTrackFrontend/actions/secrets/public-key type=owner
[debug] [2025-02-16T07:13:41.109Z] <<< [apiv2][status] GET https://api.github.com/repos/saloninarang27/CareTrackFrontend/actions/secrets/public-key 404
[debug] [2025-02-16T07:13:41.110Z] <<< [apiv2][body] GET https://api.github.com/repos/saloninarang27/CareTrackFrontend/actions/secrets/public-key {"message":"Not Found","documentation_url":"https://docs.github.com/rest/actions/secrets#get-a-repository-public-key","status":"404"}
[info] 
[info] 
[error] !  The provided authorization cannot be used with this repository. If this repository is in an organization, did you remember to grant access? 
[info] 
[info] i  Action required: Visit this URL to ensure access has been granted to the appropriate organization(s) for the Firebase CLI GitHub OAuth App: 
[info] https://github.com/settings/connections/applications/89cf50f02ac6aaed3484
[info] 
[debug] [2025-02-16T07:13:41.658Z] >>> [apiv2][query] GET https://api.github.com/repos/saloninarang27/CareTrackFrontend/actions/secrets/public-key type=owner
[debug] [2025-02-16T07:13:42.032Z] <<< [apiv2][status] GET https://api.github.com/repos/saloninarang27/CareTrackFrontend/actions/secrets/public-key 404
[debug] [2025-02-16T07:13:42.032Z] <<< [apiv2][body] GET https://api.github.com/repos/saloninarang27/CareTrackFrontend/actions/secrets/public-key {"message":"Not Found","documentation_url":"https://docs.github.com/rest/actions/secrets#get-a-repository-public-key","status":"404"}
[info] 
[info] 
[error] !  The provided authorization cannot be used with this repository. If this repository is in an organization, did you remember to grant access? 
[info] 
[info] i  Action required: Visit this URL to ensure access has been granted to the appropriate organization(s) for the Firebase CLI GitHub OAuth App: 
[info] https://github.com/settings/connections/applications/89cf50f02ac6aaed3484
[info] 
[debug] [2025-02-16T07:13:42.539Z] >>> [apiv2][query] GET https://api.github.com/repos/saloninarang27/CareTrackFrontend/actions/secrets/public-key type=owner
[debug] [2025-02-16T07:13:42.947Z] <<< [apiv2][status] GET https://api.github.com/repos/saloninarang27/CareTrackFrontend/actions/secrets/public-key 404
[debug] [2025-02-16T07:13:42.948Z] <<< [apiv2][body] GET https://api.github.com/repos/saloninarang27/CareTrackFrontend/actions/secrets/public-key {"message":"Not Found","documentation_url":"https://docs.github.com/rest/actions/secrets#get-a-repository-public-key","status":"404"}
[info] 
[info] 
[error] !  The provided authorization cannot be used with this repository. If this repository is in an organization, did you remember to grant access? 
[info] 
[info] i  Action required: Visit this URL to ensure access has been granted to the appropriate organization(s) for the Firebase CLI GitHub OAuth App: 
[info] https://github.com/settings/connections/applications/89cf50f02ac6aaed3484
[info] 
[debug] [2025-02-16T07:13:43.545Z] >>> [apiv2][query] GET https://api.github.com/repos/saloninarang27/CareTrackFrontend/actions/secrets/public-key type=owner
[debug] [2025-02-16T07:13:43.874Z] <<< [apiv2][status] GET https://api.github.com/repos/saloninarang27/CareTrackFrontend/actions/secrets/public-key 404
[debug] [2025-02-16T07:13:43.874Z] <<< [apiv2][body] GET https://api.github.com/repos/saloninarang27/CareTrackFrontend/actions/secrets/public-key {"message":"Not Found","documentation_url":"https://docs.github.com/rest/actions/secrets#get-a-repository-public-key","status":"404"}
[info] 
[info] 
[error] !  The provided authorization cannot be used with this repository. If this repository is in an organization, did you remember to grant access? 
[info] 
[info] i  Action required: Visit this URL to ensure access has been granted to the appropriate organization(s) for the Firebase CLI GitHub OAuth App: 
[info] https://github.com/settings/connections/applications/89cf50f02ac6aaed3484
[info] 
